2026-04-10 20:01:29,941 INFO {"context": {"db_path": "postgresql", "log_file_max_bytes": 5242880, "log_file_path": "/Users/nikhilsathyanarayana/Documents/malcom/app/data/logs/malcom.log"}, "event": "app_started"}
2026-04-10 20:01:29,953 INFO {"context": {"api_id": "remote_worker_source_2ea908", "enabled": true, "path_slug": "remote-worker-source"}, "event": "inbound_api_created"}
2026-04-10 20:01:29,955 INFO {"context": {"client_ip": "testclient", "duration_ms": 6, "method": "POST", "path": "/api/v1/inbound", "query": "", "request_id": "req_4469530ea52a", "status_code": 201, "user_agent": "testclient"}, "event": "http_request_completed"}
2026-04-10 20:01:29,958 INFO {"context": {"api_id": "remote_worker_source_2ea908", "error_message": null, "event_id": "evt_0a16455e0e", "headers": {"content-type": "application/json", "user-agent": "testclient"}, "payload": {"id": 999}, "source_ip": "testclient", "status": "accepted"}, "event": "inbound_api_event_recorded"}
2026-04-10 20:01:29,963 INFO {"context": {"api_id": "remote_worker_source_2ea908", "event_id": "evt_0a16455e0e", "job_id": "job_49dd5f2a41b544e2b8751bba7e14122a", "run_id": "run_6bc2857342104eb08d08920a1136c0e3", "trigger_type": "inbound_api"}, "event": "runtime_trigger_queued"}
2026-04-10 20:01:29,964 INFO {"context": {"client_ip": "testclient", "duration_ms": 8, "method": "POST", "path": "/api/v1/inbound/remote_worker_source_2ea908", "query": "", "request_id": "req_318e487823cd", "status_code": 202, "user_agent": "testclient"}, "event": "http_request_completed"}
2026-04-10 20:01:29,969 INFO {"context": {"client_ip": "testclient", "duration_ms": 1, "method": "POST", "path": "/api/v1/workers/register", "query": "", "request_id": "req_9de81accc6d8", "status_code": 200, "user_agent": "testclient"}, "event": "http_request_completed"}
2026-04-10 20:01:29,973 INFO {"context": {"client_ip": "testclient", "duration_ms": 2, "method": "POST", "path": "/api/v1/workers/claim-trigger", "query": "", "request_id": "req_a9f3f2765f1a", "status_code": 200, "user_agent": "testclient"}, "event": "http_request_completed"}
2026-04-10 20:01:29,987 INFO {"context": {"client_ip": "testclient", "duration_ms": 12, "method": "POST", "path": "/api/v1/workers/complete-trigger", "query": "", "request_id": "req_70024af0df1a", "status_code": 200, "user_agent": "testclient"}, "event": "http_request_completed"}
2026-04-10 20:01:30,016 INFO {"event": "app_stopped"}
2026-04-10 20:06:33,304 INFO {"context": {"db_path": "postgresql", "log_file_max_bytes": 5242880, "log_file_path": "/Users/nikhilsathyanarayana/Documents/malcom/app/data/logs/malcom.log"}, "event": "app_started"}
2026-04-10 20:06:33,321 INFO {"context": {"api_id": "remote_worker_source_e3f8d1", "enabled": true, "path_slug": "remote-worker-source"}, "event": "inbound_api_created"}
2026-04-10 20:06:33,322 INFO {"context": {"client_ip": "testclient", "duration_ms": 8, "method": "POST", "path": "/api/v1/inbound", "query": "", "request_id": "req_36da9b8d3013", "status_code": 201, "user_agent": "testclient"}, "event": "http_request_completed"}
2026-04-10 20:06:33,328 INFO {"context": {"api_id": "remote_worker_source_e3f8d1", "error_message": null, "event_id": "evt_762b5f2491", "headers": {"content-type": "application/json", "user-agent": "testclient"}, "payload": {"id": 999}, "source_ip": "testclient", "status": "accepted"}, "event": "inbound_api_event_recorded"}
2026-04-10 20:06:33,336 INFO {"context": {"api_id": "remote_worker_source_e3f8d1", "event_id": "evt_762b5f2491", "job_id": "job_29cbade7a675497fa17e02e7a5c64f77", "run_id": "run_8918cbe0a10c4b6d95c9ce39a2ece8b8", "trigger_type": "inbound_api"}, "event": "runtime_trigger_queued"}
2026-04-10 20:06:33,336 INFO {"context": {"client_ip": "testclient", "duration_ms": 13, "method": "POST", "path": "/api/v1/inbound/remote_worker_source_e3f8d1", "query": "", "request_id": "req_5454432e3169", "status_code": 202, "user_agent": "testclient"}, "event": "http_request_completed"}
2026-04-10 20:06:33,339 INFO {"context": {"client_ip": "testclient", "duration_ms": 1, "method": "POST", "path": "/api/v1/workers/register", "query": "", "request_id": "req_8c0f8b4177ad", "status_code": 200, "user_agent": "testclient"}, "event": "http_request_completed"}
2026-04-10 20:06:33,341 INFO {"context": {"client_ip": "testclient", "duration_ms": 1, "method": "POST", "path": "/api/v1/workers/claim-trigger", "query": "", "request_id": "req_d74bd7cbde06", "status_code": 200, "user_agent": "testclient"}, "event": "http_request_completed"}
2026-04-10 20:06:33,356 INFO {"context": {"client_ip": "testclient", "duration_ms": 13, "method": "POST", "path": "/api/v1/workers/complete-trigger", "query": "", "request_id": "req_3be0f77937f7", "status_code": 200, "user_agent": "testclient"}, "event": "http_request_completed"}
2026-04-10 20:06:33,383 INFO {"event": "app_stopped"}
2026-04-10 20:13:13,668 INFO {"context": {"db_path": "postgresql", "log_file_max_bytes": 5242880, "log_file_path": "/Users/nikhilsathyanarayana/Documents/malcom/app/data/logs/malcom.log"}, "event": "app_started"}
2026-04-10 20:13:13,682 INFO {"context": {"api_id": "remote_worker_source_b0959c", "enabled": true, "path_slug": "remote-worker-source"}, "event": "inbound_api_created"}
2026-04-10 20:13:13,682 INFO {"context": {"client_ip": "testclient", "duration_ms": 7, "method": "POST", "path": "/api/v1/inbound", "query": "", "request_id": "req_75fee7547cfd", "status_code": 201, "user_agent": "testclient"}, "event": "http_request_completed"}
2026-04-10 20:13:13,687 INFO {"context": {"api_id": "remote_worker_source_b0959c", "error_message": null, "event_id": "evt_035daf93b5", "headers": {"content-type": "application/json", "user-agent": "testclient"}, "payload": {"id": 999}, "source_ip": "testclient", "status": "accepted"}, "event": "inbound_api_event_recorded"}
2026-04-10 20:13:13,694 INFO {"context": {"api_id": "remote_worker_source_b0959c", "event_id": "evt_035daf93b5", "job_id": "job_0ced11b70fc041da9e46cb9207191d6e", "run_id": "run_93e9ac27372b4c1585a5c48e0ba61c09", "trigger_type": "inbound_api"}, "event": "runtime_trigger_queued"}
2026-04-10 20:13:13,695 INFO {"context": {"client_ip": "testclient", "duration_ms": 11, "method": "POST", "path": "/api/v1/inbound/remote_worker_source_b0959c", "query": "", "request_id": "req_7eb834604833", "status_code": 202, "user_agent": "testclient"}, "event": "http_request_completed"}
2026-04-10 20:13:13,700 INFO {"context": {"client_ip": "testclient", "duration_ms": 3, "method": "POST", "path": "/api/v1/workers/register", "query": "", "request_id": "req_051da8a0ad26", "status_code": 200, "user_agent": "testclient"}, "event": "http_request_completed"}
2026-04-10 20:13:13,702 INFO {"context": {"client_ip": "testclient", "duration_ms": 1, "method": "POST", "path": "/api/v1/workers/claim-trigger", "query": "", "request_id": "req_763c31ea8d82", "status_code": 200, "user_agent": "testclient"}, "event": "http_request_completed"}
2026-04-10 20:13:13,716 INFO {"context": {"client_ip": "testclient", "duration_ms": 12, "method": "POST", "path": "/api/v1/workers/complete-trigger", "query": "", "request_id": "req_384992a3cb6d", "status_code": 200, "user_agent": "testclient"}, "event": "http_request_completed"}
2026-04-10 20:13:13,744 INFO {"event": "app_stopped"}
2026-04-10 20:28:38,619 INFO {"context": {"db_path": "postgresql", "log_file_max_bytes": 5242880, "log_file_path": "/Users/nikhilsathyanarayana/Documents/malcom/app/data/logs/malcom.log"}, "event": "app_started"}
2026-04-10 20:28:38,632 INFO {"context": {"api_id": "remote_worker_source_d3e1c2", "enabled": true, "path_slug": "remote-worker-source"}, "event": "inbound_api_created"}
2026-04-10 20:28:38,633 INFO {"context": {"client_ip": "testclient", "duration_ms": 7, "method": "POST", "path": "/api/v1/inbound", "query": "", "request_id": "req_92b294165c74", "status_code": 201, "user_agent": "testclient"}, "event": "http_request_completed"}
2026-04-10 20:28:38,637 INFO {"context": {"api_id": "remote_worker_source_d3e1c2", "error_message": null, "event_id": "evt_63607bfa54", "headers": {"content-type": "application/json", "user-agent": "testclient"}, "payload": {"id": 999}, "source_ip": "testclient", "status": "accepted"}, "event": "inbound_api_event_recorded"}
2026-04-10 20:28:38,641 INFO {"context": {"api_id": "remote_worker_source_d3e1c2", "event_id": "evt_63607bfa54", "job_id": "job_892b2bdce2e947a788e32e4594eb1758", "run_id": "run_2862dfdd326c493db5493bdb8f16c4a5", "trigger_type": "inbound_api"}, "event": "runtime_trigger_queued"}
2026-04-10 20:28:38,642 INFO {"context": {"client_ip": "testclient", "duration_ms": 7, "method": "POST", "path": "/api/v1/inbound/remote_worker_source_d3e1c2", "query": "", "request_id": "req_5d91e7d12b7b", "status_code": 202, "user_agent": "testclient"}, "event": "http_request_completed"}
2026-04-10 20:28:38,644 INFO {"context": {"client_ip": "testclient", "duration_ms": 1, "method": "POST", "path": "/api/v1/workers/register", "query": "", "request_id": "req_5c144d022cd1", "status_code": 200, "user_agent": "testclient"}, "event": "http_request_completed"}
2026-04-10 20:28:38,646 INFO {"context": {"client_ip": "testclient", "duration_ms": 1, "method": "POST", "path": "/api/v1/workers/claim-trigger", "query": "", "request_id": "req_d81677386d04", "status_code": 200, "user_agent": "testclient"}, "event": "http_request_completed"}
2026-04-10 20:28:38,654 INFO {"context": {"client_ip": "testclient", "duration_ms": 6, "method": "POST", "path": "/api/v1/workers/complete-trigger", "query": "", "request_id": "req_31a22faa7ced", "status_code": 200, "user_agent": "testclient"}, "event": "http_request_completed"}
2026-04-10 20:28:38,700 INFO {"event": "app_stopped"}
2026-04-11 08:21:15,895 INFO {"context": {"db_path": "postgresql", "log_file_max_bytes": 5242880, "log_file_path": "/Users/nikhilsathyanarayana/Documents/malcom/app/data/logs/malcom.log"}, "event": "app_started"}
2026-04-11 08:21:15,909 INFO {"context": {"api_id": "remote_worker_source_85e2d4", "enabled": true, "path_slug": "remote-worker-source"}, "event": "inbound_api_created"}
2026-04-11 08:21:15,910 INFO {"context": {"client_ip": "testclient", "duration_ms": 6, "method": "POST", "path": "/api/v1/inbound", "query": "", "request_id": "req_76cf103a9983", "status_code": 201, "user_agent": "testclient"}, "event": "http_request_completed"}
2026-04-11 08:21:15,914 INFO {"context": {"api_id": "remote_worker_source_85e2d4", "error_message": null, "event_id": "evt_833f4424ee", "headers": {"content-type": "application/json", "user-agent": "testclient"}, "payload": {"id": 999}, "source_ip": "testclient", "status": "accepted"}, "event": "inbound_api_event_recorded"}
2026-04-11 08:21:15,919 INFO {"context": {"api_id": "remote_worker_source_85e2d4", "event_id": "evt_833f4424ee", "job_id": "job_0c8a7c010081484eaa3ad4f5ceff01ac", "run_id": "run_4a4da0ca337d436ebd973fd8d93e7600", "trigger_type": "inbound_api"}, "event": "runtime_trigger_queued"}
2026-04-11 08:21:15,920 INFO {"context": {"client_ip": "testclient", "duration_ms": 8, "method": "POST", "path": "/api/v1/inbound/remote_worker_source_85e2d4", "query": "", "request_id": "req_9a97f9bd352e", "status_code": 202, "user_agent": "testclient"}, "event": "http_request_completed"}
2026-04-11 08:21:15,923 INFO {"context": {"client_ip": "testclient", "duration_ms": 1, "method": "POST", "path": "/api/v1/workers/register", "query": "", "request_id": "req_ad260385bc3a", "status_code": 200, "user_agent": "testclient"}, "event": "http_request_completed"}
2026-04-11 08:21:15,929 INFO {"context": {"client_ip": "testclient", "duration_ms": 4, "method": "POST", "path": "/api/v1/workers/claim-trigger", "query": "", "request_id": "req_d1aed0f666cf", "status_code": 200, "user_agent": "testclient"}, "event": "http_request_completed"}
2026-04-11 08:21:15,938 INFO {"context": {"client_ip": "testclient", "duration_ms": 7, "method": "POST", "path": "/api/v1/workers/complete-trigger", "query": "", "request_id": "req_7715ad002f8c", "status_code": 200, "user_agent": "testclient"}, "event": "http_request_completed"}
2026-04-11 08:21:15,974 INFO {"event": "app_stopped"}
2026-04-11 08:22:37,580 INFO {"context": {"db_path": "postgresql", "log_file_max_bytes": 5242880, "log_file_path": "/Users/nikhilsathyanarayana/Documents/malcom/app/data/logs/malcom.log"}, "event": "app_started"}
2026-04-11 08:22:37,594 INFO {"context": {"api_id": "remote_worker_source_07063f", "enabled": true, "path_slug": "remote-worker-source"}, "event": "inbound_api_created"}
2026-04-11 08:22:37,595 INFO {"context": {"client_ip": "testclient", "duration_ms": 7, "method": "POST", "path": "/api/v1/inbound", "query": "", "request_id": "req_aae15a18bfd2", "status_code": 201, "user_agent": "testclient"}, "event": "http_request_completed"}
2026-04-11 08:22:37,599 INFO {"context": {"api_id": "remote_worker_source_07063f", "error_message": null, "event_id": "evt_c2971e2d80", "headers": {"content-type": "application/json", "user-agent": "testclient"}, "payload": {"id": 999}, "source_ip": "testclient", "status": "accepted"}, "event": "inbound_api_event_recorded"}
2026-04-11 08:22:37,611 INFO {"context": {"api_id": "remote_worker_source_07063f", "event_id": "evt_c2971e2d80", "job_id": "job_9875e395c09d4211b72e1e2e56a656c2", "run_id": "run_9cc88ac2eab54ba4b6e64c7592a16328", "trigger_type": "inbound_api"}, "event": "runtime_trigger_queued"}
2026-04-11 08:22:37,613 INFO {"context": {"client_ip": "testclient", "duration_ms": 16, "method": "POST", "path": "/api/v1/inbound/remote_worker_source_07063f", "query": "", "request_id": "req_45eb9aff9925", "status_code": 202, "user_agent": "testclient"}, "event": "http_request_completed"}
2026-04-11 08:22:37,619 INFO {"context": {"client_ip": "testclient", "duration_ms": 4, "method": "POST", "path": "/api/v1/workers/register", "query": "", "request_id": "req_560c8b617491", "status_code": 200, "user_agent": "testclient"}, "event": "http_request_completed"}
2026-04-11 08:22:37,622 INFO {"context": {"client_ip": "testclient", "duration_ms": 1, "method": "POST", "path": "/api/v1/workers/claim-trigger", "query": "", "request_id": "req_3d5885d2a796", "status_code": 200, "user_agent": "testclient"}, "event": "http_request_completed"}
2026-04-11 08:22:37,655 WARNING {"context": {"coordinator_url": "http://127.0.0.1:9", "error": "[Errno 61] Connection refused", "worker_id": "worker-local-nikhils-macbook-pro-local", "worker_name": "Nikhils-MacBook-Pro.local local worker"}, "event": "remote_worker_poll_failed"}
2026-04-11 08:22:37,663 INFO {"context": {"client_ip": "testclient", "duration_ms": 37, "method": "POST", "path": "/api/v1/workers/complete-trigger", "query": "", "request_id": "req_c7dd5683e4a6", "status_code": 200, "user_agent": "testclient"}, "event": "http_request_completed"}
2026-04-11 08:22:37,664 INFO {"event": "app_stopped"}
